# Logfile created on 2014-06-07 10:51:11 -0700 by logger.rb/41954
I, [2014-06-07T10:51:11.305409 #9622]  INFO -- : 0:  rake (10.1.1) from /home/daniel/.rvm/gems/ruby-2.0.0-p353@odp_puppet/specifications/rake-10.1.1.gemspec
I, [2014-06-07T10:51:11.465728 #9622]  INFO -- : 0:  CFPropertyList (2.2.7) from /home/daniel/.rvm/gems/ruby-2.0.0-p353@odp_puppet/specifications/CFPropertyList-2.2.7.gemspec
I, [2014-06-07T10:51:11.733573 #9622]  INFO -- : 0:  addressable (2.3.5) from /home/daniel/.rvm/gems/ruby-2.0.0-p353@odp_puppet/specifications/addressable-2.3.5.gemspec
I, [2014-06-07T10:51:12.190794 #9622]  INFO -- : 0:  backports (3.6.0) from /home/daniel/.rvm/gems/ruby-2.0.0-p353@odp_puppet/specifications/backports-3.6.0.gemspec
I, [2014-06-07T10:51:12.380503 #9622]  INFO -- : 0:  builder (3.2.2) from /home/daniel/.rvm/gems/ruby-2.0.0-p353@odp_puppet/specifications/builder-3.2.2.gemspec
I, [2014-06-07T10:51:12.688673 #9622]  INFO -- : 0:  excon (0.31.0) from /home/daniel/.rvm/gems/ruby-2.0.0-p353@odp_puppet/specifications/excon-0.31.0.gemspec
I, [2014-06-07T10:51:12.837515 #9622]  INFO -- : 0:  formatador (0.2.4) from /home/daniel/.rvm/gems/ruby-2.0.0-p353@odp_puppet/specifications/formatador-0.2.4.gemspec
I, [2014-06-07T10:51:13.096513 #9622]  INFO -- : 0:  mime-types (1.25.1) from /home/daniel/.rvm/gems/ruby-2.0.0-p353@odp_puppet/specifications/mime-types-1.25.1.gemspec
I, [2014-06-07T10:51:13.275359 #9622]  INFO -- : 0:  multi_json (1.9.2) from /home/daniel/.rvm/gems/ruby-2.0.0-p353@odp_puppet/specifications/multi_json-1.9.2.gemspec
I, [2014-06-07T10:51:13.663822 #9622]  INFO -- : 0:  net-ssh (2.8.0) from /home/daniel/.rvm/gems/ruby-2.0.0-p353@odp_puppet/specifications/net-ssh-2.8.0.gemspec
I, [2014-06-07T10:51:13.850706 #9622]  INFO -- : 0:  net-scp (1.1.2) from /home/daniel/.rvm/gems/ruby-2.0.0-p353@odp_puppet/specifications/net-scp-1.1.2.gemspec
I, [2014-06-07T10:51:25.323591 #9622]  INFO -- : 0:  nokogiri (1.5.10) from /home/daniel/.rvm/gems/ruby-2.0.0-p353@odp_puppet/specifications/nokogiri-1.5.10.gemspec
I, [2014-06-07T10:51:25.452956 #9622]  INFO -- : 0:  ruby-hmac (0.4.0) from /home/daniel/.rvm/gems/ruby-2.0.0-p353@odp_puppet/specifications/ruby-hmac-0.4.0.gemspec
I, [2014-06-07T10:51:28.456570 #9622]  INFO -- : 0:  fog (1.19.0) from /home/daniel/.rvm/gems/ruby-2.0.0-p353@odp_puppet/specifications/fog-1.19.0.gemspec
I, [2014-06-07T10:51:28.645117 #9622]  INFO -- : 0:  minitar (0.5.4) from /home/daniel/.rvm/gems/ruby-2.0.0-p353@odp_puppet/specifications/minitar-0.5.4.gemspec
I, [2014-06-07T10:51:28.937825 #9622]  INFO -- : 0:  thor (0.18.1) from /home/daniel/.rvm/gems/ruby-2.0.0-p353@odp_puppet/specifications/thor-0.18.1.gemspec
I, [2014-06-07T10:51:29.155591 #9622]  INFO -- : 0:  blimpy (0.6.7) from /home/daniel/.rvm/gems/ruby-2.0.0-p353@odp_puppet/specifications/blimpy-0.6.7.gemspec
I, [2014-06-07T10:51:29.401347 #9622]  INFO -- : 0:  fission (0.5.0) from /home/daniel/.rvm/gems/ruby-2.0.0-p353@odp_puppet/specifications/fission-0.5.0.gemspec
I, [2014-06-07T10:51:29.541661 #9622]  INFO -- : 0:  inifile (2.0.2) from /home/daniel/.rvm/gems/ruby-2.0.0-p353@odp_puppet/specifications/inifile-2.0.2.gemspec
I, [2014-06-07T10:51:31.168060 #9622]  INFO -- : 0:  json (1.8.1) from /home/daniel/.rvm/gems/ruby-2.0.0-p353@odp_puppet/specifications/json-1.8.1.gemspec
I, [2014-06-07T10:51:31.343665 #9622]  INFO -- : 0:  trollop (2.0) from /home/daniel/.rvm/gems/ruby-2.0.0-p353@odp_puppet/specifications/trollop-2.0.gemspec
I, [2014-06-07T10:51:31.755700 #9622]  INFO -- : 0:  rbvmomi (1.8.1) from /home/daniel/.rvm/gems/ruby-2.0.0-p353@odp_puppet/specifications/rbvmomi-1.8.1.gemspec
I, [2014-06-07T10:51:34.026216 #9622]  INFO -- : 0:  unf_ext (0.0.6) from /home/daniel/.rvm/gems/ruby-2.0.0-p353@odp_puppet/specifications/unf_ext-0.0.6.gemspec
I, [2014-06-07T10:51:34.316928 #9622]  INFO -- : 0:  unf (0.1.3) from /home/daniel/.rvm/gems/ruby-2.0.0-p353@odp_puppet/specifications/unf-0.1.3.gemspec
I, [2014-06-07T10:51:34.616952 #9622]  INFO -- : 0:  beaker (1.8.1) from /home/daniel/.rvm/gems/ruby-2.0.0-p353@odp_puppet/specifications/beaker-1.8.1.gemspec
I, [2014-06-07T10:51:35.025875 #9622]  INFO -- : 0:  rspec-core (2.14.8) from /home/daniel/.rvm/gems/ruby-2.0.0-p353@odp_puppet/specifications/rspec-core-2.14.8.gemspec
I, [2014-06-07T10:51:35.223042 #9622]  INFO -- : 0:  diff-lcs (1.2.5) from /home/daniel/.rvm/gems/ruby-2.0.0-p353@odp_puppet/specifications/diff-lcs-1.2.5.gemspec
I, [2014-06-07T10:51:35.524479 #9622]  INFO -- : 0:  rspec-expectations (2.14.5) from /home/daniel/.rvm/gems/ruby-2.0.0-p353@odp_puppet/specifications/rspec-expectations-2.14.5.gemspec
I, [2014-06-07T10:51:35.901854 #9622]  INFO -- : 0:  rspec-mocks (2.14.6) from /home/daniel/.rvm/gems/ruby-2.0.0-p353@odp_puppet/specifications/rspec-mocks-2.14.6.gemspec
I, [2014-06-07T10:51:36.020471 #9622]  INFO -- : 0:  rspec (2.14.1) from /home/daniel/.rvm/gems/ruby-2.0.0-p353@odp_puppet/specifications/rspec-2.14.1.gemspec
I, [2014-06-07T10:51:36.480928 #9622]  INFO -- : 0:  highline (1.6.21) from /home/daniel/.rvm/gems/ruby-2.0.0-p353@odp_puppet/specifications/highline-1.6.21.gemspec
I, [2014-06-07T10:51:36.693936 #9622]  INFO -- : 0:  specinfra (0.8.0) from /home/daniel/.rvm/gems/ruby-2.0.0-p353@odp_puppet/specifications/specinfra-0.8.0.gemspec
I, [2014-06-07T10:51:36.997268 #9622]  INFO -- : 0:  serverspec (0.15.5) from /home/daniel/.rvm/gems/ruby-2.0.0-p353@odp_puppet/specifications/serverspec-0.15.5.gemspec
I, [2014-06-07T10:51:37.180152 #9622]  INFO -- : 0:  beaker-rspec (2.2.0) from /home/daniel/.rvm/gems/ruby-2.0.0-p353@odp_puppet/specifications/beaker-rspec-2.2.0.gemspec
I, [2014-06-07T10:51:37.304717 #9622]  INFO -- : 0:  timers (1.1.0) from /home/daniel/.rvm/gems/ruby-2.0.0-p353@odp_puppet/specifications/timers-1.1.0.gemspec
I, [2014-06-07T10:51:37.534761 #9622]  INFO -- : 0:  celluloid (0.15.2) from /home/daniel/.rvm/gems/ruby-2.0.0-p353@odp_puppet/specifications/celluloid-0.15.2.gemspec
I, [2014-06-07T10:51:40.318042 #9622]  INFO -- : 0:  nio4r (1.0.0) from /home/daniel/.rvm/gems/ruby-2.0.0-p353@odp_puppet/specifications/nio4r-1.0.0.gemspec
I, [2014-06-07T10:51:40.738768 #9622]  INFO -- : 0:  celluloid-io (0.15.0) from /home/daniel/.rvm/gems/ruby-2.0.0-p353@odp_puppet/specifications/celluloid-io-0.15.0.gemspec
I, [2014-06-07T10:51:41.006612 #9622]  INFO -- : 0:  coderay (1.1.0) from /home/daniel/.rvm/gems/ruby-2.0.0-p353@odp_puppet/specifications/coderay-1.1.0.gemspec
I, [2014-06-07T10:51:50.515126 #9622]  INFO -- : 0:  ffi (1.9.3) from /home/daniel/.rvm/gems/ruby-2.0.0-p353@odp_puppet/specifications/ffi-1.9.3.gemspec
I, [2014-06-07T10:51:50.749727 #9622]  INFO -- : 0:  ethon (0.7.0) from /home/daniel/.rvm/gems/ruby-2.0.0-p353@odp_puppet/specifications/ethon-0.7.0.gemspec
I, [2014-06-07T10:51:51.171133 #9622]  INFO -- : 0:  facter (1.7.5) from /home/daniel/.rvm/gems/ruby-2.0.0-p353@odp_puppet/specifications/facter-1.7.5.gemspec
I, [2014-06-07T10:51:51.286851 #9622]  INFO -- : 0:  multipart-post (1.2.0) from /home/daniel/.rvm/gems/ruby-2.0.0-p353@odp_puppet/specifications/multipart-post-1.2.0.gemspec
I, [2014-06-07T10:51:51.491993 #9622]  INFO -- : 0:  faraday (0.8.9) from /home/daniel/.rvm/gems/ruby-2.0.0-p353@odp_puppet/specifications/faraday-0.8.9.gemspec
I, [2014-06-07T10:51:51.643619 #9622]  INFO -- : 0:  faraday_middleware (0.9.0) from /home/daniel/.rvm/gems/ruby-2.0.0-p353@odp_puppet/specifications/faraday_middleware-0.9.0.gemspec
I, [2014-06-07T10:51:51.802634 #9622]  INFO -- : 0:  net-http-persistent (2.9.4) from /home/daniel/.rvm/gems/ruby-2.0.0-p353@odp_puppet/specifications/net-http-persistent-2.9.4.gemspec
I, [2014-06-07T10:51:51.967962 #9622]  INFO -- : 0:  net-http-pipeline (1.0.1) from /home/daniel/.rvm/gems/ruby-2.0.0-p353@odp_puppet/specifications/net-http-pipeline-1.0.1.gemspec
I, [2014-06-07T10:51:52.122552 #9622]  INFO -- : 0:  gh (0.13.2) from /home/daniel/.rvm/gems/ruby-2.0.0-p353@odp_puppet/specifications/gh-0.13.2.gemspec
I, [2014-06-07T10:51:52.515452 #9622]  INFO -- : 0:  rb-fsevent (0.9.4) from /home/daniel/.rvm/gems/ruby-2.0.0-p353@odp_puppet/specifications/rb-fsevent-0.9.4.gemspec
I, [2014-06-07T10:51:52.649221 #9622]  INFO -- : 0:  rb-inotify (0.9.3) from /home/daniel/.rvm/gems/ruby-2.0.0-p353@odp_puppet/specifications/rb-inotify-0.9.3.gemspec
I, [2014-06-07T10:51:52.843554 #9622]  INFO -- : 0:  listen (2.7.1) from /home/daniel/.rvm/gems/ruby-2.0.0-p353@odp_puppet/specifications/listen-2.7.1.gemspec
I, [2014-06-07T10:51:52.997848 #9622]  INFO -- : 0:  lumberjack (1.0.4) from /home/daniel/.rvm/gems/ruby-2.0.0-p353@odp_puppet/specifications/lumberjack-1.0.4.gemspec
I, [2014-06-07T10:51:53.172830 #9622]  INFO -- : 0:  method_source (0.8.2) from /home/daniel/.rvm/gems/ruby-2.0.0-p353@odp_puppet/specifications/method_source-0.8.2.gemspec
I, [2014-06-07T10:51:53.360681 #9622]  INFO -- : 0:  slop (3.5.0) from /home/daniel/.rvm/gems/ruby-2.0.0-p353@odp_puppet/specifications/slop-3.5.0.gemspec
I, [2014-06-07T10:51:53.721449 #9622]  INFO -- : 0:  pry (0.9.12.6) from /home/daniel/.rvm/gems/ruby-2.0.0-p353@odp_puppet/specifications/pry-0.9.12.6.gemspec
I, [2014-06-07T10:51:54.103889 #9622]  INFO -- : 0:  guard (2.5.1) from /home/daniel/.rvm/gems/ruby-2.0.0-p353@odp_puppet/specifications/guard-2.5.1.gemspec
I, [2014-06-07T10:51:54.221905 #9622]  INFO -- : 0:  guard-rake (0.0.9) from /home/daniel/.rvm/gems/ruby-2.0.0-p353@odp_puppet/specifications/guard-rake-0.0.9.gemspec
I, [2014-06-07T10:51:54.361074 #9622]  INFO -- : 0:  hashr (0.0.22) from /home/daniel/.rvm/gems/ruby-2.0.0-p353@odp_puppet/specifications/hashr-0.0.22.gemspec
I, [2014-06-07T10:51:54.700700 #9622]  INFO -- : 0:  json_pure (1.8.1) from /home/daniel/.rvm/gems/ruby-2.0.0-p353@odp_puppet/specifications/json_pure-1.8.1.gemspec
I, [2014-06-07T10:51:54.878141 #9622]  INFO -- : 0:  hiera (1.3.2) from /home/daniel/.rvm/gems/ruby-2.0.0-p353@odp_puppet/specifications/hiera-1.3.2.gemspec
I, [2014-06-07T10:51:55.043429 #9622]  INFO -- : 0:  hiera-puppet-helper (1.0.1) from /home/daniel/.rvm/gems/ruby-2.0.0-p353@odp_puppet/specifications/hiera-puppet-helper-1.0.1.gemspec
I, [2014-06-07T10:51:55.227769 #9622]  INFO -- : 0:  launchy (2.4.2) from /home/daniel/.rvm/gems/ruby-2.0.0-p353@odp_puppet/specifications/launchy-2.4.2.gemspec
I, [2014-06-07T10:51:55.355741 #9622]  INFO -- : 0:  metaclass (0.0.4) from /home/daniel/.rvm/gems/ruby-2.0.0-p353@odp_puppet/specifications/metaclass-0.0.4.gemspec
I, [2014-06-07T10:51:55.631013 #9622]  INFO -- : 0:  mocha (1.0.0) from /home/daniel/.rvm/gems/ruby-2.0.0-p353@odp_puppet/specifications/mocha-1.0.0.gemspec
I, [2014-06-07T10:51:56.024954 #9622]  INFO -- : 0:  rgen (0.6.6) from /home/daniel/.rvm/gems/ruby-2.0.0-p353@odp_puppet/specifications/rgen-0.6.6.gemspec
I, [2014-06-07T10:51:58.314318 #9622]  INFO -- : 0:  puppet (3.4.3) from /home/daniel/.rvm/gems/ruby-2.0.0-p353@odp_puppet/specifications/puppet-3.4.3.gemspec
I, [2014-06-07T10:51:58.506079 #9622]  INFO -- : 0:  rest-client (1.6.7) from /home/daniel/.rvm/gems/ruby-2.0.0-p353@odp_puppet/specifications/rest-client-1.6.7.gemspec
I, [2014-06-07T10:51:58.616923 #9622]  INFO -- : 0:  puppet-blacksmith (2.0.2) from /home/daniel/.rvm/gems/ruby-2.0.0-p353@odp_puppet/specifications/puppet-blacksmith-2.0.2.gemspec
I, [2014-06-07T10:51:58.767449 #9622]  INFO -- : 0:  puppet-lint (0.3.2) from /home/daniel/.rvm/gems/ruby-2.0.0-p353@odp_puppet/specifications/puppet-lint-0.3.2.gemspec
I, [2014-06-07T10:51:58.910213 #9622]  INFO -- : 0:  puppet-syntax (1.1.1) from /home/daniel/.rvm/gems/ruby-2.0.0-p353@odp_puppet/specifications/puppet-syntax-1.1.1.gemspec
I, [2014-06-07T10:51:58.936327 #9622]  INFO -- : 0:  rspec-puppet (1.0.1) from /home/daniel/.rvm/gems/ruby-2.0.0-p353@odp_puppet/bundler/gems/rspec-puppet-03e94422fb9b/rspec-puppet.gemspec
I, [2014-06-07T10:51:59.073002 #9622]  INFO -- : 0:  puppetlabs_spec_helper (0.4.1) from /home/daniel/.rvm/gems/ruby-2.0.0-p353@odp_puppet/specifications/puppetlabs_spec_helper-0.4.1.gemspec
I, [2014-06-07T10:51:59.236979 #9622]  INFO -- : 0:  websocket (1.0.7) from /home/daniel/.rvm/gems/ruby-2.0.0-p353@odp_puppet/specifications/websocket-1.0.7.gemspec
I, [2014-06-07T10:51:59.582176 #9622]  INFO -- : 0:  pusher-client (0.4.0) from /home/daniel/.rvm/gems/ruby-2.0.0-p353@odp_puppet/specifications/pusher-client-0.4.0.gemspec
I, [2014-06-07T10:51:59.721170 #9622]  INFO -- : 0:  safe_yaml (0.9.7) from /home/daniel/.rvm/gems/ruby-2.0.0-p353@odp_puppet/specifications/safe_yaml-0.9.7.gemspec
I, [2014-06-07T10:51:59.957618 #9622]  INFO -- : 0:  typhoeus (0.6.8) from /home/daniel/.rvm/gems/ruby-2.0.0-p353@odp_puppet/specifications/typhoeus-0.6.8.gemspec
I, [2014-06-07T10:52:00.267448 #9622]  INFO -- : 0:  travis (1.6.8) from /home/daniel/.rvm/gems/ruby-2.0.0-p353@odp_puppet/specifications/travis-1.6.8.gemspec
I, [2014-06-07T10:52:00.413027 #9622]  INFO -- : 0:  travis-lint (1.8.0) from /home/daniel/.rvm/gems/ruby-2.0.0-p353@odp_puppet/specifications/travis-lint-1.8.0.gemspec
I, [2014-06-07T10:52:00.539229 #9622]  INFO -- : 0:  vagrant-wrapper (1.2.1.1) from /home/daniel/.rvm/gems/ruby-2.0.0-p353@odp_puppet/specifications/vagrant-wrapper-1.2.1.1.gemspec
I, [2014-06-07T10:52:00.539771 #9622]  INFO -- : 0:  bundler (1.5.1) from /home/daniel/.rvm/gems/ruby-2.0.0-p353@global/specifications/bundler-1.5.1.gemspec
I, [2014-06-07T12:43:48.723142 #8308]  INFO -- : 0:  rake (10.1.1) from /home/daniel/.rvm/gems/ruby-2.0.0-p353@odp_puppet/specifications/rake-10.1.1.gemspec
I, [2014-06-07T12:43:48.723832 #8308]  INFO -- : 0:  CFPropertyList (2.2.7) from /home/daniel/.rvm/gems/ruby-2.0.0-p353@odp_puppet/specifications/CFPropertyList-2.2.7.gemspec
I, [2014-06-07T12:43:49.106812 #8308]  INFO -- : 0:  i18n (0.6.9) from /home/daniel/.rvm/gems/ruby-2.0.0-p353@odp_puppet/specifications/i18n-0.6.9.gemspec
I, [2014-06-07T12:43:49.108261 #8308]  INFO -- : 0:  json (1.8.1) from /home/daniel/.rvm/gems/ruby-2.0.0-p353@odp_puppet/specifications/json-1.8.1.gemspec
I, [2014-06-07T12:43:49.332582 #8308]  INFO -- : 0:  minitest (5.3.4) from /home/daniel/.rvm/gems/ruby-2.0.0-p353@odp_puppet/specifications/minitest-5.3.4.gemspec
I, [2014-06-07T12:43:49.563844 #8308]  INFO -- : 0:  thread_safe (0.3.4) from /home/daniel/.rvm/gems/ruby-2.0.0-p353@odp_puppet/specifications/thread_safe-0.3.4.gemspec
I, [2014-06-07T12:43:49.884625 #8308]  INFO -- : 0:  tzinfo (1.2.1) from /home/daniel/.rvm/gems/ruby-2.0.0-p353@odp_puppet/specifications/tzinfo-1.2.1.gemspec
I, [2014-06-07T12:43:50.335369 #8308]  INFO -- : 0:  activesupport (4.1.1) from /home/daniel/.rvm/gems/ruby-2.0.0-p353@odp_puppet/specifications/activesupport-4.1.1.gemspec
I, [2014-06-07T12:43:50.335943 #8308]  INFO -- : 0:  addressable (2.3.5) from /home/daniel/.rvm/gems/ruby-2.0.0-p353@odp_puppet/specifications/addressable-2.3.5.gemspec
I, [2014-06-07T12:43:50.336355 #8308]  INFO -- : 0:  backports (3.6.0) from /home/daniel/.rvm/gems/ruby-2.0.0-p353@odp_puppet/specifications/backports-3.6.0.gemspec
I, [2014-06-07T12:43:50.336751 #8308]  INFO -- : 0:  builder (3.2.2) from /home/daniel/.rvm/gems/ruby-2.0.0-p353@odp_puppet/specifications/builder-3.2.2.gemspec
I, [2014-06-07T12:43:50.337153 #8308]  INFO -- : 0:  excon (0.31.0) from /home/daniel/.rvm/gems/ruby-2.0.0-p353@odp_puppet/specifications/excon-0.31.0.gemspec
I, [2014-06-07T12:43:50.337542 #8308]  INFO -- : 0:  formatador (0.2.4) from /home/daniel/.rvm/gems/ruby-2.0.0-p353@odp_puppet/specifications/formatador-0.2.4.gemspec
I, [2014-06-07T12:43:50.337927 #8308]  INFO -- : 0:  mime-types (1.25.1) from /home/daniel/.rvm/gems/ruby-2.0.0-p353@odp_puppet/specifications/mime-types-1.25.1.gemspec
I, [2014-06-07T12:43:50.338316 #8308]  INFO -- : 0:  multi_json (1.9.2) from /home/daniel/.rvm/gems/ruby-2.0.0-p353@odp_puppet/specifications/multi_json-1.9.2.gemspec
I, [2014-06-07T12:43:50.338693 #8308]  INFO -- : 0:  net-ssh (2.8.0) from /home/daniel/.rvm/gems/ruby-2.0.0-p353@odp_puppet/specifications/net-ssh-2.8.0.gemspec
I, [2014-06-07T12:43:50.339081 #8308]  INFO -- : 0:  net-scp (1.1.2) from /home/daniel/.rvm/gems/ruby-2.0.0-p353@odp_puppet/specifications/net-scp-1.1.2.gemspec
I, [2014-06-07T12:43:50.339478 #8308]  INFO -- : 0:  nokogiri (1.5.10) from /home/daniel/.rvm/gems/ruby-2.0.0-p353@odp_puppet/specifications/nokogiri-1.5.10.gemspec
I, [2014-06-07T12:43:50.339854 #8308]  INFO -- : 0:  ruby-hmac (0.4.0) from /home/daniel/.rvm/gems/ruby-2.0.0-p353@odp_puppet/specifications/ruby-hmac-0.4.0.gemspec
I, [2014-06-07T12:43:50.340256 #8308]  INFO -- : 0:  fog (1.19.0) from /home/daniel/.rvm/gems/ruby-2.0.0-p353@odp_puppet/specifications/fog-1.19.0.gemspec
I, [2014-06-07T12:43:50.340632 #8308]  INFO -- : 0:  minitar (0.5.4) from /home/daniel/.rvm/gems/ruby-2.0.0-p353@odp_puppet/specifications/minitar-0.5.4.gemspec
I, [2014-06-07T12:43:50.341017 #8308]  INFO -- : 0:  thor (0.18.1) from /home/daniel/.rvm/gems/ruby-2.0.0-p353@odp_puppet/specifications/thor-0.18.1.gemspec
I, [2014-06-07T12:43:50.341394 #8308]  INFO -- : 0:  blimpy (0.6.7) from /home/daniel/.rvm/gems/ruby-2.0.0-p353@odp_puppet/specifications/blimpy-0.6.7.gemspec
I, [2014-06-07T12:43:50.341770 #8308]  INFO -- : 0:  fission (0.5.0) from /home/daniel/.rvm/gems/ruby-2.0.0-p353@odp_puppet/specifications/fission-0.5.0.gemspec
I, [2014-06-07T12:43:50.342151 #8308]  INFO -- : 0:  inifile (2.0.2) from /home/daniel/.rvm/gems/ruby-2.0.0-p353@odp_puppet/specifications/inifile-2.0.2.gemspec
I, [2014-06-07T12:43:50.342529 #8308]  INFO -- : 0:  trollop (2.0) from /home/daniel/.rvm/gems/ruby-2.0.0-p353@odp_puppet/specifications/trollop-2.0.gemspec
I, [2014-06-07T12:43:50.342905 #8308]  INFO -- : 0:  rbvmomi (1.8.1) from /home/daniel/.rvm/gems/ruby-2.0.0-p353@odp_puppet/specifications/rbvmomi-1.8.1.gemspec
I, [2014-06-07T12:43:50.343305 #8308]  INFO -- : 0:  unf_ext (0.0.6) from /home/daniel/.rvm/gems/ruby-2.0.0-p353@odp_puppet/specifications/unf_ext-0.0.6.gemspec
I, [2014-06-07T12:43:50.343681 #8308]  INFO -- : 0:  unf (0.1.3) from /home/daniel/.rvm/gems/ruby-2.0.0-p353@odp_puppet/specifications/unf-0.1.3.gemspec
I, [2014-06-07T12:43:50.344079 #8308]  INFO -- : 0:  beaker (1.8.1) from /home/daniel/.rvm/gems/ruby-2.0.0-p353@odp_puppet/specifications/beaker-1.8.1.gemspec
I, [2014-06-07T12:43:50.344438 #8308]  INFO -- : 0:  rspec-core (2.14.8) from /home/daniel/.rvm/gems/ruby-2.0.0-p353@odp_puppet/specifications/rspec-core-2.14.8.gemspec
I, [2014-06-07T12:43:50.344794 #8308]  INFO -- : 0:  diff-lcs (1.2.5) from /home/daniel/.rvm/gems/ruby-2.0.0-p353@odp_puppet/specifications/diff-lcs-1.2.5.gemspec
I, [2014-06-07T12:43:50.345159 #8308]  INFO -- : 0:  rspec-expectations (2.14.5) from /home/daniel/.rvm/gems/ruby-2.0.0-p353@odp_puppet/specifications/rspec-expectations-2.14.5.gemspec
I, [2014-06-07T12:43:50.345515 #8308]  INFO -- : 0:  rspec-mocks (2.14.6) from /home/daniel/.rvm/gems/ruby-2.0.0-p353@odp_puppet/specifications/rspec-mocks-2.14.6.gemspec
I, [2014-06-07T12:43:50.345867 #8308]  INFO -- : 0:  rspec (2.14.1) from /home/daniel/.rvm/gems/ruby-2.0.0-p353@odp_puppet/specifications/rspec-2.14.1.gemspec
I, [2014-06-07T12:43:50.346232 #8308]  INFO -- : 0:  highline (1.6.21) from /home/daniel/.rvm/gems/ruby-2.0.0-p353@odp_puppet/specifications/highline-1.6.21.gemspec
I, [2014-06-07T12:43:50.346587 #8308]  INFO -- : 0:  specinfra (0.8.0) from /home/daniel/.rvm/gems/ruby-2.0.0-p353@odp_puppet/specifications/specinfra-0.8.0.gemspec
I, [2014-06-07T12:43:50.347010 #8308]  INFO -- : 0:  serverspec (0.15.5) from /home/daniel/.rvm/gems/ruby-2.0.0-p353@odp_puppet/specifications/serverspec-0.15.5.gemspec
I, [2014-06-07T12:43:50.347444 #8308]  INFO -- : 0:  beaker-rspec (2.2.0) from /home/daniel/.rvm/gems/ruby-2.0.0-p353@odp_puppet/specifications/beaker-rspec-2.2.0.gemspec
I, [2014-06-07T12:43:50.347802 #8308]  INFO -- : 0:  timers (1.1.0) from /home/daniel/.rvm/gems/ruby-2.0.0-p353@odp_puppet/specifications/timers-1.1.0.gemspec
I, [2014-06-07T12:43:50.348183 #8308]  INFO -- : 0:  celluloid (0.15.2) from /home/daniel/.rvm/gems/ruby-2.0.0-p353@odp_puppet/specifications/celluloid-0.15.2.gemspec
I, [2014-06-07T12:43:50.348548 #8308]  INFO -- : 0:  nio4r (1.0.0) from /home/daniel/.rvm/gems/ruby-2.0.0-p353@odp_puppet/specifications/nio4r-1.0.0.gemspec
I, [2014-06-07T12:43:50.348907 #8308]  INFO -- : 0:  celluloid-io (0.15.0) from /home/daniel/.rvm/gems/ruby-2.0.0-p353@odp_puppet/specifications/celluloid-io-0.15.0.gemspec
I, [2014-06-07T12:43:50.349286 #8308]  INFO -- : 0:  coderay (1.1.0) from /home/daniel/.rvm/gems/ruby-2.0.0-p353@odp_puppet/specifications/coderay-1.1.0.gemspec
I, [2014-06-07T12:43:50.349638 #8308]  INFO -- : 0:  ffi (1.9.3) from /home/daniel/.rvm/gems/ruby-2.0.0-p353@odp_puppet/specifications/ffi-1.9.3.gemspec
I, [2014-06-07T12:43:50.350012 #8308]  INFO -- : 0:  ethon (0.7.0) from /home/daniel/.rvm/gems/ruby-2.0.0-p353@odp_puppet/specifications/ethon-0.7.0.gemspec
I, [2014-06-07T12:43:50.350378 #8308]  INFO -- : 0:  facter (1.7.5) from /home/daniel/.rvm/gems/ruby-2.0.0-p353@odp_puppet/specifications/facter-1.7.5.gemspec
I, [2014-06-07T12:43:50.350736 #8308]  INFO -- : 0:  multipart-post (1.2.0) from /home/daniel/.rvm/gems/ruby-2.0.0-p353@odp_puppet/specifications/multipart-post-1.2.0.gemspec
I, [2014-06-07T12:43:50.351113 #8308]  INFO -- : 0:  faraday (0.8.9) from /home/daniel/.rvm/gems/ruby-2.0.0-p353@odp_puppet/specifications/faraday-0.8.9.gemspec
I, [2014-06-07T12:43:50.351474 #8308]  INFO -- : 0:  faraday_middleware (0.9.0) from /home/daniel/.rvm/gems/ruby-2.0.0-p353@odp_puppet/specifications/faraday_middleware-0.9.0.gemspec
I, [2014-06-07T12:43:50.351833 #8308]  INFO -- : 0:  net-http-persistent (2.9.4) from /home/daniel/.rvm/gems/ruby-2.0.0-p353@odp_puppet/specifications/net-http-persistent-2.9.4.gemspec
I, [2014-06-07T12:43:50.352216 #8308]  INFO -- : 0:  net-http-pipeline (1.0.1) from /home/daniel/.rvm/gems/ruby-2.0.0-p353@odp_puppet/specifications/net-http-pipeline-1.0.1.gemspec
I, [2014-06-07T12:43:50.352586 #8308]  INFO -- : 0:  gh (0.13.2) from /home/daniel/.rvm/gems/ruby-2.0.0-p353@odp_puppet/specifications/gh-0.13.2.gemspec
I, [2014-06-07T12:43:50.352939 #8308]  INFO -- : 0:  rb-fsevent (0.9.4) from /home/daniel/.rvm/gems/ruby-2.0.0-p353@odp_puppet/specifications/rb-fsevent-0.9.4.gemspec
I, [2014-06-07T12:43:50.353303 #8308]  INFO -- : 0:  rb-inotify (0.9.3) from /home/daniel/.rvm/gems/ruby-2.0.0-p353@odp_puppet/specifications/rb-inotify-0.9.3.gemspec
I, [2014-06-07T12:43:50.353660 #8308]  INFO -- : 0:  listen (2.7.1) from /home/daniel/.rvm/gems/ruby-2.0.0-p353@odp_puppet/specifications/listen-2.7.1.gemspec
I, [2014-06-07T12:43:50.354301 #8308]  INFO -- : 0:  lumberjack (1.0.4) from /home/daniel/.rvm/gems/ruby-2.0.0-p353@odp_puppet/specifications/lumberjack-1.0.4.gemspec
I, [2014-06-07T12:43:50.354999 #8308]  INFO -- : 0:  method_source (0.8.2) from /home/daniel/.rvm/gems/ruby-2.0.0-p353@odp_puppet/specifications/method_source-0.8.2.gemspec
I, [2014-06-07T12:43:50.355688 #8308]  INFO -- : 0:  slop (3.5.0) from /home/daniel/.rvm/gems/ruby-2.0.0-p353@odp_puppet/specifications/slop-3.5.0.gemspec
I, [2014-06-07T12:43:50.356363 #8308]  INFO -- : 0:  pry (0.9.12.6) from /home/daniel/.rvm/gems/ruby-2.0.0-p353@odp_puppet/specifications/pry-0.9.12.6.gemspec
I, [2014-06-07T12:43:50.357039 #8308]  INFO -- : 0:  guard (2.5.1) from /home/daniel/.rvm/gems/ruby-2.0.0-p353@odp_puppet/specifications/guard-2.5.1.gemspec
I, [2014-06-07T12:43:50.357702 #8308]  INFO -- : 0:  guard-rake (0.0.9) from /home/daniel/.rvm/gems/ruby-2.0.0-p353@odp_puppet/specifications/guard-rake-0.0.9.gemspec
I, [2014-06-07T12:43:50.358091 #8308]  INFO -- : 0:  hashr (0.0.22) from /home/daniel/.rvm/gems/ruby-2.0.0-p353@odp_puppet/specifications/hashr-0.0.22.gemspec
I, [2014-06-07T12:43:50.358450 #8308]  INFO -- : 0:  json_pure (1.8.1) from /home/daniel/.rvm/gems/ruby-2.0.0-p353@odp_puppet/specifications/json_pure-1.8.1.gemspec
I, [2014-06-07T12:43:50.358798 #8308]  INFO -- : 0:  hiera (1.3.2) from /home/daniel/.rvm/gems/ruby-2.0.0-p353@odp_puppet/specifications/hiera-1.3.2.gemspec
I, [2014-06-07T12:43:50.359211 #8308]  INFO -- : 0:  hiera-puppet-helper (1.0.1) from /home/daniel/.rvm/gems/ruby-2.0.0-p353@odp_puppet/specifications/hiera-puppet-helper-1.0.1.gemspec
I, [2014-06-07T12:43:50.359546 #8308]  INFO -- : 0:  launchy (2.4.2) from /home/daniel/.rvm/gems/ruby-2.0.0-p353@odp_puppet/specifications/launchy-2.4.2.gemspec
I, [2014-06-07T12:43:50.503851 #8308]  INFO -- : 0:  map (6.5.3) from /home/daniel/.rvm/gems/ruby-2.0.0-p353@odp_puppet/specifications/map-6.5.3.gemspec
I, [2014-06-07T12:43:50.504575 #8308]  INFO -- : 0:  metaclass (0.0.4) from /home/daniel/.rvm/gems/ruby-2.0.0-p353@odp_puppet/specifications/metaclass-0.0.4.gemspec
I, [2014-06-07T12:43:50.505135 #8308]  INFO -- : 0:  mocha (1.0.0) from /home/daniel/.rvm/gems/ruby-2.0.0-p353@odp_puppet/specifications/mocha-1.0.0.gemspec
I, [2014-06-07T12:43:50.745553 #8308]  INFO -- : 0:  mvcli (0.0.16) from /home/daniel/.rvm/gems/ruby-2.0.0-p353@odp_puppet/specifications/mvcli-0.0.16.gemspec
I, [2014-06-07T12:43:50.746833 #8308]  INFO -- : 0:  rgen (0.6.6) from /home/daniel/.rvm/gems/ruby-2.0.0-p353@odp_puppet/specifications/rgen-0.6.6.gemspec
I, [2014-06-07T12:43:50.747781 #8308]  INFO -- : 0:  puppet (3.4.3) from /home/daniel/.rvm/gems/ruby-2.0.0-p353@odp_puppet/specifications/puppet-3.4.3.gemspec
I, [2014-06-07T12:43:50.748657 #8308]  INFO -- : 0:  rest-client (1.6.7) from /home/daniel/.rvm/gems/ruby-2.0.0-p353@odp_puppet/specifications/rest-client-1.6.7.gemspec
I, [2014-06-07T12:43:50.749400 #8308]  INFO -- : 0:  puppet-blacksmith (2.0.2) from /home/daniel/.rvm/gems/ruby-2.0.0-p353@odp_puppet/specifications/puppet-blacksmith-2.0.2.gemspec
I, [2014-06-07T12:43:50.750033 #8308]  INFO -- : 0:  puppet-lint (0.3.2) from /home/daniel/.rvm/gems/ruby-2.0.0-p353@odp_puppet/specifications/puppet-lint-0.3.2.gemspec
I, [2014-06-07T12:43:50.750653 #8308]  INFO -- : 0:  puppet-syntax (1.1.1) from /home/daniel/.rvm/gems/ruby-2.0.0-p353@odp_puppet/specifications/puppet-syntax-1.1.1.gemspec
I, [2014-06-07T12:43:50.784156 #8308]  INFO -- : 0:  rspec-puppet (1.0.1) from /home/daniel/.rvm/gems/ruby-2.0.0-p353@odp_puppet/bundler/gems/rspec-puppet-03e94422fb9b/rspec-puppet.gemspec
I, [2014-06-07T12:43:50.784546 #8308]  INFO -- : 0:  puppetlabs_spec_helper (0.4.1) from /home/daniel/.rvm/gems/ruby-2.0.0-p353@odp_puppet/specifications/puppetlabs_spec_helper-0.4.1.gemspec
I, [2014-06-07T12:43:50.784788 #8308]  INFO -- : 0:  websocket (1.0.7) from /home/daniel/.rvm/gems/ruby-2.0.0-p353@odp_puppet/specifications/websocket-1.0.7.gemspec
I, [2014-06-07T12:43:50.785009 #8308]  INFO -- : 0:  pusher-client (0.4.0) from /home/daniel/.rvm/gems/ruby-2.0.0-p353@odp_puppet/specifications/pusher-client-0.4.0.gemspec
I, [2014-06-07T12:43:51.408853 #8308]  INFO -- : 0:  rumm (0.1.0) from /home/daniel/.rvm/gems/ruby-2.0.0-p353@odp_puppet/specifications/rumm-0.1.0.gemspec
I, [2014-06-07T12:43:51.410233 #8308]  INFO -- : 0:  safe_yaml (0.9.7) from /home/daniel/.rvm/gems/ruby-2.0.0-p353@odp_puppet/specifications/safe_yaml-0.9.7.gemspec
I, [2014-06-07T12:43:51.411264 #8308]  INFO -- : 0:  typhoeus (0.6.8) from /home/daniel/.rvm/gems/ruby-2.0.0-p353@odp_puppet/specifications/typhoeus-0.6.8.gemspec
I, [2014-06-07T12:43:51.412263 #8308]  INFO -- : 0:  travis (1.6.8) from /home/daniel/.rvm/gems/ruby-2.0.0-p353@odp_puppet/specifications/travis-1.6.8.gemspec
I, [2014-06-07T12:43:51.413239 #8308]  INFO -- : 0:  travis-lint (1.8.0) from /home/daniel/.rvm/gems/ruby-2.0.0-p353@odp_puppet/specifications/travis-lint-1.8.0.gemspec
I, [2014-06-07T12:43:51.414027 #8308]  INFO -- : 0:  vagrant-wrapper (1.2.1.1) from /home/daniel/.rvm/gems/ruby-2.0.0-p353@odp_puppet/specifications/vagrant-wrapper-1.2.1.1.gemspec
I, [2014-06-07T12:43:51.414818 #8308]  INFO -- : 0:  bundler (1.5.1) from /home/daniel/.rvm/gems/ruby-2.0.0-p353@global/specifications/bundler-1.5.1.gemspec
